0.5599,0.0354 V
0.5606,0.0336 V
0.5599,0.0347 V
0.5604,0.0353 V
0.5602,0.0334 V
0.5602,0.0334 V
0.5619,0.0360 V
0.5601,0.0362 V
0.5601,0.0373 V
0.5602,0.0354 V
0.5601,0.0373 V
0.5586,0.0360 V
0.5599,0.0371 V
0.5601,0.0368 V
0.5610,0.0379 V
0.5599,0.0360 V
0.5604,0.0347 V
0.5601,0.0354 V
0.5602,0.0358 V
0.5599,0.0358 V
0.5602,0.0336 V
0.5601,0.0339 V
0.5601,0.0351 V
0.5601,0.0351 V
0.5601,0.0368 V
0.5597,0.0366 V
0.5606,0.0334 V
0.5602,0.0345 V
0.5599,0.0343 V
0.5601,0.0347 V
0.5597,0.0343 V
0.5601,0.0341 V
0.5599,0.0323 V
0.5599,0.0336 V
0.5606,0.0332 V
0.5606,0.0364 V
0.5599,0.0358 V
0.5597,0.0379 V
0.5593,0.0356 V
0.5599,0.0347 V
0.5599,0.0343 V
0.5599,0.0360 V
0.5602,0.0351 V
0.5601,0.0373 V
0.5599,0.0364 V
0.5601,0.0354 V
0.5595,0.0366 V
0.5601,0.0375 V
0.5608,0.0375 V
0.5601,0.0358 V
0.5601,0.0364 V
0.5610,0.0390 V
0.5597,0.0353 V
0.5597,0.0364 V
0.5595,0.0351 V
0.5601,0.0360 V
0.5599,0.0384 V
0.5599,0.0373 V
0.5589,0.0354 V
0.5606,0.0345 V
0.5599,0.0336 V
0.5599,0.0332 V
0.5602,0.0339 V
0.5597,0.0347 V
0.5601,0.0354 V
0.5599,0.0351 V
0.5606,0.0366 V
0.5597,0.0368 V
0.5602,0.0377 V
0.5602,0.0373 V
0.5597,0.0349 V
0.5601,0.0353 V
0.5601,0.0351 V
0.5599,0.0356 V
0.5601,0.0351 V
0.5601,0.0353 V
0.5601,0.0349 V
0.5601,0.0351 V
0.5602,0.0356 V
0.5599,0.0353 V
0.5601,0.0360 V
0.5599,0.0351 V
0.5602,0.0334 V
0.5606,0.0349 V
0.5606,0.0369 V
0.5601,0.0390 V
0.5601,0.0373 V
0.5597,0.0390 V
0.5599,0.0407 V
0.5601,0.0383 V
0.5599,0.0377 V
0.5602,0.0377 V
0.5601,0.0369 V
0.5604,0.0369 V
0.5601,0.0375 V
0.5599,0.0388 V
0.5601,0.0384 V
0.5599,0.0379 V
0.5601,0.0399 V
0.5602,0.0396 V
0.5599,0.0413 V
0.5599,0.0403 V
0.5599,0.0398 V
0.5606,0.0409 V
0.5602,0.0396 V
0.5597,0.0386 V
0.5597,0.0398 V
0.5599,0.0392 V
0.5599,0.0401 V
0.5604,0.0399 V
0.5599,0.0394 V
0.5599,0.0413 V
0.5602,0.0398 V
0.5601,0.0394 V
0.5599,0.0388 V
0.5599,0.0396 V
0.5597,0.0384 V
0.5599,0.0384 V
0.5601,0.0403 V
0.5588,0.0416 V
0.5601,0.0428 V
0.5597,0.0422 V
0.5599,0.0407 V
0.5601,0.0411 V
0.5601,0.0398 V
0.5597,0.0418 V
0.5599,0.0414 V
0.5599,0.0418 V
0.5597,0.0420 V
0.5597,0.0405 V
0.5597,0.0390 V
0.5599,0.0428 V
0.5599,0.0437 V
0.5597,0.0431 V
0.5595,0.0437 V
0.5601,0.0428 V
0.5599,0.0377 V
0.5597,0.0426 V
0.5602,0.0422 V
0.5601,0.0429 V
0.5597,0.0452 V
0.5597,0.0437 V
0.5601,0.0433 V
0.5597,0.0433 V
0.5604,0.0435 V
0.5599,0.0450 V
0.5601,0.0424 V
0.5599,0.0452 V
0.5601,0.0450 V
0.5601,0.0435 V
0.5602,0.0448 V
0.5599,0.0461 V
0.5597,0.0457 V
0.5604,0.0439 V
0.5601,0.0422 V
0.5597,0.0431 V
0.5599,0.0435 V
0.5593,0.0439 V
0.5601,0.0473 V
0.5597,0.0454 V
0.5601,0.0452 V
0.5597,0.0428 V
0.5597,0.0424 V
0.5597,0.0424 V
0.5586,0.0429 V
0.5602,0.0435 V
0.5599,0.0435 V
0.5601,0.0441 V
0.5606,0.0431 V
0.5597,0.0452 V
0.5591,0.0441 V
0.5601,0.0444 V
0.5601,0.0443 V
0.5599,0.0424 V
0.5599,0.0448 V
0.5597,0.0437 V
0.5599,0.0422 V
0.5599,0.0439 V
0.5597,0.0457 V
0.5599,0.0443 V
0.5599,0.0446 V
0.5597,0.0439 V
0.5599,0.0422 V
0.5601,0.0424 V
0.5599,0.0418 V
0.5597,0.0441 V
0.5599,0.0454 V
0.5599,0.0452 V
0.5599,0.0444 V
0.5595,0.0444 V
0.5599,0.0420 V
0.5597,0.0422 V
0.5601,0.0429 V
0.5599,0.0418 V
0.5601,0.0437 V
0.5599,0.0439 V
0.5602,0.0456 V
0.5597,0.0454 V
0.5599,0.0435 V
0.5601,0.0433 V
0.5597,0.0428 V
0.5601,0.0418 V
0.5601,0.0420 V
0.5599,0.0424 V
0.5591,0.0429 V
0.5597,0.0439 V
0.5601,0.0375 V
0.5599,0.0351 V
0.5602,0.0435 V
0.5601,0.0429 V
0.5597,0.0422 V
0.5601,0.0429 V
0.5599,0.0437 V
0.5597,0.0418 V
0.5597,0.0450 V
0.5599,0.0454 V
0.5597,0.0463 V
0.5599,0.0450 V
0.5601,0.0441 V
0.5606,0.0431 V
0.5599,0.0454 V
0.5595,0.0457 V
0.5597,0.0448 V
0.5599,0.0454 V
0.5599,0.0450 V
0.5601,0.0456 V
0.5601,0.0456 V
0.5602,0.0444 V
0.5599,0.0426 V
0.5601,0.0426 V
0.5601,0.0435 V
0.5601,0.0454 V
0.5599,0.0409 V
0.5599,0.0407 V
0.5597,0.0399 V
0.5597,0.0403 V
0.5601,0.0411 V
0.5601,0.0424 V
0.5601,0.0418 V
0.5599,0.0422 V
0.5599,0.0429 V
0.5601,0.0437 V
0.5602,0.0413 V
0.5599,0.0422 V
0.5597,0.0426 V
0.5597,0.0437 V
0.5601,0.0420 V
0.5601,0.0411 V
0.5597,0.0428 V
0.5601,0.0420 V
0.5599,0.0435 V
0.5601,0.0443 V
0.5602,0.0441 V
0.5597,0.0429 V
0.5597,0.0431 V
0.5601,0.0431 V
0.5597,0.0454 V
0.5597,0.0448 V
0.5599,0.0443 V
0.5599,0.0439 V
0.5601,0.0450 V
0.5599,0.0437 V
0.5599,0.0441 V
0.5599,0.0443 V
0.5606,0.0444 V
0.5599,0.0435 V
0.5601,0.0429 V
0.5599,0.0411 V
0.5597,0.0428 V
0.5599,0.0429 V
0.5601,0.0443 V
0.5595,0.0428 V
0.5601,0.0439 V
0.5597,0.0437 V
0.5597,0.0454 V
0.5601,0.0439 V
0.5597,0.0437 V
0.5597,0.0456 V
0.5599,0.0467 V
0.5599,0.0467 V
0.5599,0.0459 V
0.5599,0.0471 V
0.5597,0.0441 V
0.5597,0.0439 V
0.5593,0.0450 V
0.5606,0.0439 V
0.5597,0.0448 V
0.5599,0.0450 V
0.5599,0.0426 V
0.5601,0.0420 V
0.5601,0.0429 V
0.5599,0.0428 V
0.5597,0.0452 V
0.5608,0.0444 V
0.5602,0.0448 V
0.5597,0.0461 V
0.5597,0.0463 V
0.5599,0.0454 V
0.5599,0.0459 V
0.5599,0.0450 V
0.5601,0.0448 V
0.5599,0.0418 V
0.5601,0.0413 V
0.5595,0.0416 V
0.5601,0.0414 V
0.5601,0.0411 V
0.5602,0.0405 V
0.5601,0.0416 V
0.5606,0.0422 V
0.5597,0.0426 V
0.5599,0.0428 V
0.5599,0.0454 V
0.5599,0.0459 V
0.5599,0.0444 V
0.5599,0.0443 V
0.5599,0.0433 V
0.5601,0.0444 V
0.5601,0.0441 V
0.5597,0.0439 V
0.5597,0.0448 V
0.5599,0.0439 V
0.5614,0.0448 V
0.5597,0.0443 V
0.5597,0.0444 V
0.5601,0.0426 V
0.5599,0.0443 V
0.5602,0.0452 V
0.5601,0.0450 V
0.5597,0.0454 V
0.5597,0.0446 V
0.5599,0.0431 V
0.5599,0.0435 V
0.5601,0.0444 V
0.5599,0.0418 V
0.5601,0.0424 V
0.5599,0.0426 V
0.5601,0.0420 V
0.5601,0.0411 V
0.5601,0.0403 V
0.5599,0.0405 V
0.5601,0.0405 V
0.5601,0.0422 V
0.5599,0.0418 V
0.5597,0.0439 V
0.5599,0.0429 V
0.5602,0.0433 V
0.5601,0.0435 V
0.5597,0.0439 V
0.5597,0.0437 V
0.5599,0.0444 V
0.5597,0.0452 V
0.5599,0.0452 V
0.5599,0.0452 V
0.5599,0.0456 V
0.5601,0.0431 V
0.5601,0.0448 V
0.5601,0.0439 V
0.5597,0.0437 V
0.5602,0.0426 V
0.5597,0.0424 V
0.5602,0.0414 V
0.5599,0.0414 V
0.5597,0.0416 V
0.5606,0.0416 V
0.5602,0.0420 V
0.5599,0.0418 V
0.5597,0.0416 V
0.5597,0.0418 V
0.5601,0.0424 V
0.5599,0.0413 V
0.5599,0.0416 V
0.5599,0.0424 V
0.5601,0.0418 V
0.5601,0.0411 V
0.5597,0.0413 V
0.5597,0.0409 V
0.5591,0.0405 V
0.5599,0.0422 V
0.5602,0.0429 V
0.5610,0.0424 V
0.5599,0.0428 V
0.5606,0.0429 V
0.5599,0.0433 V
0.5606,0.0429 V
0.5601,0.0422 V
0.5597,0.0426 V
0.5601,0.0428 V
0.5595,0.0444 V
0.5612,0.0439 V
0.5597,0.0420 V
0.5599,0.0414 V
0.5599,0.0401 V
0.5601,0.0398 V
0.5599,0.0405 V
0.5597,0.0407 V
0.5597,0.0426 V
0.5601,0.0418 V
0.5602,0.0424 V
0.5597,0.0414 V
0.5601,0.0429 V
0.5601,0.0437 V
0.5601,0.0422 V
0.5602,0.0418 V
0.5597,0.0413 V
0.5601,0.0416 V
0.5599,0.0416 V
0.5608,0.0424 V
0.5599,0.0418 V
0.5597,0.0426 V
0.5593,0.0428 V
0.5601,0.0424 V
0.5599,0.0426 V
0.5599,0.0414 V
0.5602,0.0414 V
0.5602,0.0414 V
0.5602,0.0414 V
0.5597,0.0407 V
0.5601,0.0413 V
0.5601,0.0407 V
0.5601,0.0401 V
0.5608,0.0398 V
0.5601,0.0401 V
0.5599,0.0394 V
0.5597,0.0403 V
0.5599,0.0411 V
0.5599,0.0407 V
0.5599,0.0418 V
0.5599,0.0414 V
0.5601,0.0403 V
0.5608,0.0383 V
0.5601,0.0388 V
0.5601,0.0379 V
0.5599,0.0392 V
0.5601,0.0392 V
0.5599,0.0388 V