0.5591,0.0096 V
0.5593,0.0094 V
0.5589,0.0092 V
0.5595,0.0103 V
0.5584,0.0103 V
0.5597,0.0103 V
0.5597,0.0101 V
0.5597,0.0098 V
0.5597,0.0098 V
0.5593,0.0096 V
0.5589,0.0083 V
0.5599,0.0094 V
0.5588,0.0088 V
0.5597,0.0084 V
0.5599,0.0030 V
0.5597,0.0021 V
0.5586,0.0013 V
0.5595,0.0017 V
0.5595,0.0022 V
0.5595,0.0022 V
0.5597,0.0022 V
0.5597,0.0122 V
0.5597,0.0109 V
0.5595,0.0096 V
0.5597,0.0103 V
0.5597,0.0088 V
0.5599,0.0094 V
0.5597,0.0092 V
0.5588,0.0075 V
0.5597,0.0086 V
0.5597,0.0077 V
0.5597,0.0083 V
0.5597,0.0071 V
0.5593,0.0077 V
0.5599,0.0075 V
0.5599,0.0073 V
0.5597,0.0071 V
0.5597,0.0077 V
0.5597,0.0075 V
0.5599,0.0073 V
0.5589,0.0069 V
0.5599,0.0062 V
0.5597,0.0073 V
0.5597,0.0069 V
0.5588,0.0066 V
0.5597,0.0068 V
0.5599,0.0066 V
0.5597,0.0066 V
0.5599,0.0066 V
0.5597,0.0069 V
0.5597,0.0071 V
0.5601,0.0069 V
0.5597,0.0071 V
0.5599,0.0068 V
0.5597,0.0068 V
0.5595,0.0077 V
0.5597,0.0073 V
0.5591,0.0069 V
0.5606,0.0069 V
0.5599,0.0073 V
0.5595,0.0075 V
0.5597,0.0075 V
0.5597,0.0077 V
0.5601,0.0079 V
0.5601,0.0075 V
0.5589,0.0075 V
0.5595,0.0079 V
0.5597,0.0079 V
0.5597,0.0075 V
0.5597,0.0075 V
0.5599,0.0077 V
0.5597,0.0075 V
0.5597,0.0075 V
0.5599,0.0073 V
0.5597,0.0075 V
0.5586,0.0071 V
0.5597,0.0071 V
0.5599,0.0064 V
0.5597,0.0068 V
0.5595,0.0066 V
0.5597,0.0069 V
0.5597,0.0073 V
0.5597,0.0073 V
0.5597,0.0071 V
0.5597,0.0071 V
0.5597,0.0081 V
0.5599,0.0077 V
0.5597,0.0073 V
0.5597,0.0075 V
0.5597,0.0075 V
0.5595,0.0075 V
0.5586,0.0077 V
0.5599,0.0079 V
0.5601,0.0075 V
0.5597,0.0077 V
0.5599,0.0077 V
0.5599,0.0073 V
0.5599,0.0075 V
0.5601,0.0073 V
0.5599,0.0075 V
0.5597,0.0075 V
0.5599,0.0077 V
0.5601,0.0077 V
0.5593,0.0075 V
0.5597,0.0079 V
0.5591,0.0083 V
0.5597,0.0081 V
0.5599,0.0084 V
0.5597,0.0081 V
0.5602,0.0079 V
0.5599,0.0079 V
0.5601,0.0081 V
0.5599,0.0079 V
0.5597,0.0075 V
0.5599,0.0069 V
0.5597,0.0068 V
0.5597,0.0073 V
0.5597,0.0071 V
0.5599,0.0064 V
0.5599,0.0066 V
0.5597,0.0062 V
0.5601,0.0064 V
0.5599,0.0069 V
0.5599,0.0071 V
0.5601,0.0071 V
0.5597,0.0069 V
0.5599,0.0071 V
0.5601,0.0062 V
0.5599,0.0066 V
0.5601,0.0068 V
0.5599,0.0068 V
0.5601,0.0064 V
0.5601,0.0064 V
0.5599,0.0060 V
0.5602,0.0058 V
0.5601,0.0060 V
0.5597,0.0060 V
0.5597,0.0060 V
0.5601,0.0056 V
0.5599,0.0058 V
0.5595,0.0054 V
0.5588,0.0036 V
0.5597,0.0026 V
0.5597,0.0051 V
0.5599,0.0052 V
0.5597,0.0054 V
0.5599,0.0052 V
0.5599,0.0051 V
0.5601,0.0049 V
0.5597,0.0043 V
0.5591,0.0047 V
0.5602,0.0049 V
0.5597,0.0047 V
0.5599,0.0038 V
0.5597,0.0043 V
0.5597,0.0047 V
0.5599,0.0041 V
0.5606,0.0045 V
0.5597,0.0049 V
0.5595,0.0049 V
0.5589,0.0039 V
0.5601,0.0038 V
0.5599,0.0038 V
0.5602,0.0041 V
0.5599,0.0036 V
0.5599,0.0036 V
0.5601,0.0034 V
0.5610,0.0034 V
0.5597,0.0032 V
0.5599,0.0034 V
0.5597,0.0038 V
0.5588,0.0036 V
0.5599,0.0036 V
0.5597,0.0036 V
0.5597,0.0039 V
0.5599,0.0038 V
0.5597,0.0038 V
0.5606,0.0039 V
0.5595,0.0045 V
0.5597,0.0041 V
0.5599,0.0041 V
0.5599,0.0028 V
0.5599,0.0041 V
0.5601,0.0043 V
0.5599,0.0043 V
0.5599,0.0041 V
0.5597,0.0045 V
0.5601,0.0043 V
0.5597,0.0043 V
0.5601,0.0045 V
0.5599,0.0045 V
0.5601,0.0043 V
0.5597,0.0043 V
0.5601,0.0043 V
0.5599,0.0049 V
0.5595,0.0049 V
0.5597,0.0045 V
0.5597,0.0049 V
0.5597,0.0041 V
0.5601,0.0051 V
0.5595,0.0047 V
0.5599,0.0049 V
0.5597,0.0051 V
0.5599,0.0054 V
0.5597,0.0047 V
0.5595,0.0052 V
0.5601,0.0047 V
0.5593,0.0047 V
0.5601,0.0047 V
0.5593,0.0047 V
0.5597,0.0047 V
0.5595,0.0043 V
0.5599,0.0047 V
0.5597,0.0051 V
0.5599,0.0052 V
0.5599,0.0051 V
0.5599,0.0049 V
0.5599,0.0054 V
0.5599,0.0047 V
0.5599,0.0039 V
0.5599,0.0041 V
0.5599,0.0047 V
0.5597,0.0009 V
0.5599,0.0013 V
0.5601,0.0017 V
0.5606,0.0017 V
0.5601,0.0013 V
0.5602,0.0017 V
0.5599,0.0015 V
0.5597,0.0015 V
0.5599,0.0015 V
0.5597,0.0022 V
0.5597,0.0022 V
0.5597,0.0022 V
0.5586,0.0019 V
0.5601,0.0041 V
0.5597,0.0043 V
0.5597,0.0026 V
0.5597,0.0024 V
0.5601,0.0026 V
0.5597,0.0024 V
0.5597,0.0022 V
0.5601,0.0022 V
0.5597,0.0024 V
0.5597,0.0022 V
0.5606,0.0022 V
0.5597,0.0041 V
0.5599,0.0039 V
0.5599,0.0026 V
0.5601,0.0030 V
0.5599,0.0041 V
0.5599,0.0034 V
0.5597,0.0032 V
0.5597,0.0032 V
0.5597,0.0032 V
0.5591,0.0032 V
0.5602,0.0032 V
0.5593,0.0032 V
0.5599,0.0015 V
0.5597,0.0015 V
0.5602,0.0017 V
0.5601,0.0015 V
0.5597,0.0021 V
0.5595,0.0022 V
0.5597,0.0026 V
0.5599,0.0030 V
0.5597,0.0028 V
0.5593,0.0030 V
0.5601,0.0032 V
0.5589,0.0032 V
0.5597,0.0032 V
0.5595,0.0034 V
0.5597,0.0034 V
0.5597,0.0036 V
0.5599,0.0038 V
0.5599,0.0030 V
0.5595,0.0034 V
0.5597,0.0036 V
0.5597,0.0026 V
0.5601,0.0015 V
0.5599,0.0015 V
0.5610,0.0019 V
0.5599,0.0015 V
0.5602,0.0019 V
0.5597,0.0015 V
0.5606,0.0013 V
0.5597,0.0013 V
0.5599,0.0013 V
0.5601,0.0013 V
0.5599,0.0015 V
0.5597,0.0011 V
0.5597,0.0021 V
0.5597,0.0017 V
0.5597,0.0017 V
0.5597,0.0019 V
0.5599,0.0019 V
0.5595,0.0019 V
0.5602,0.0019 V
0.5593,0.0019 V
0.5599,0.0019 V
0.5595,0.0017 V
0.5597,0.0019 V
0.5599,0.0019 V
0.5597,0.0021 V
0.5599,0.0019 V
0.5599,0.0019 V
0.5597,0.0015 V
0.5601,0.0013 V
0.5597,0.0015 V
0.5599,0.0017 V
0.5597,0.0013 V
0.5599,0.0013 V
0.5597,0.0015 V
0.5599,0.0013 V
0.5595,0.0015 V
0.5597,0.0015 V
0.5597,0.0013 V
0.5597,0.0011 V
0.5599,0.0011 V
0.5597,0.0011 V
0.5604,0.0011 V
0.5597,0.0009 V
0.5597,0.0011 V
0.5597,0.0007 V
0.5599,0.0011 V
0.5597,0.0009 V
0.5602,0.0006 V
0.5599,0.0006 V
0.5599,0.0009 V
0.5597,0.0009 V
0.5599,0.0007 V
0.5597,0.0007 V
0.5593,0.0006 V
0.5599,0.0007 V
0.5601,0.0007 V
0.5597,0.0009 V
0.5597,0.0013 V
0.5597,0.0007 V
0.5595,0.0007 V
0.5599,0.0007 V
0.5597,0.0009 V
0.5597,0.0009 V
0.5597,0.0009 V
0.5597,0.0009 V
0.5610,0.0007 V
0.5597,0.0007 V
0.5597,0.0007 V
0.5597,0.0006 V
0.5599,0.0007 V
0.5601,0.0007 V
0.5599,0.0007 V
0.5606,0.0009 V
0.5599,0.0011 V
0.5597,0.0009 V
0.5597,0.0015 V
0.5599,0.0011 V
0.5595,0.0011 V
0.5597,0.0011 V
0.5597,0.0015 V
0.5597,0.0011 V
0.5599,0.0015 V
0.5597,0.0013 V
0.5602,0.0011 V
0.5599,0.0011 V
0.5595,0.0013 V
0.5595,0.0009 V
0.5599,0.0009 V
0.5601,0.0007 V
0.5597,0.0009 V
0.5599,0.0013 V
0.5597,0.0013 V
0.5597,0.0015 V
0.5599,0.0017 V
0.5599,0.0015 V
0.5597,0.0015 V
0.5597,0.0013 V
0.5597,0.0015 V
0.5595,0.0013 V
0.5599,0.0015 V
0.5606,0.0013 V
0.5599,0.0013 V
0.5597,0.0015 V
0.5597,0.0015 V
0.5597,0.0013 V
0.5595,0.0013 V
0.5599,0.0013 V
0.5597,0.0013 V
0.5595,0.0011 V
0.5597,0.0015 V
0.5599,0.0011 V
0.5597,0.0013 V
0.5599,0.0013 V
0.5597,0.0015 V
0.5602,0.0007 V
0.5599,0.0009 V
0.5599,0.0009 V
0.5601,0.0013 V
0.5599,0.0009 V
0.5597,0.0007 V
0.5584,0.0006 V
0.5597,0.0006 V
0.5601,0.0006 V
0.5601,0.0006 V
0.5595,0.0009 V
0.5597,0.0011 V
0.5597,0.0009 V
0.5601,0.0015 V
0.5601,0.0017 V
0.5597,0.0019 V
0.5599,0.0021 V
0.5602,0.0021 V
0.5597,0.0021 V
0.5595,0.0022 V
0.5601,0.0017 V
0.5601,0.0019 V
0.5599,0.0015 V
0.5597,0.0017 V
0.5599,0.0019 V
0.5601,0.0017 V
0.5597,0.0019 V
0.5601,0.0021 V
0.5597,0.0019 V
0.5597,0.0019 V
0.5599,0.0017 V
0.5601,0.0021 V
0.5588,0.0019 V
0.5599,0.0019 V
0.5593,0.0019 V
0.5599,0.0021 V
0.5599,0.0009 V
0.5597,0.0017 V
0.5597,0.0015 V
0.5599,0.0015 V
0.5599,0.0017 V
0.5610,0.0013 V
0.5597,0.0019 V
0.5595,0.0017 V
0.5599,0.0017 V
0.5597,0.0017 V
0.5595,0.0017 V
0.5599,0.0017 V
0.5599,0.0017 V
0.5597,0.0019 V
0.5599,0.0017 V
0.5601,0.0021 V
0.5597,0.0019 V
0.5599,0.0015 V
0.5597,0.0015 V
0.5597,0.0017 V
0.5601,0.0009 V
0.5599,0.0022 V
0.5597,0.0022 V
0.5599,0.0019 V
0.5597,0.0019 V
0.5599,0.0017 V
0.5599,0.0019 V
0.5597,0.0019 V
0.5597,0.0017 V
0.5597,0.0017 V
0.5597,0.0021 V
0.5599,0.0017 V
0.5595,0.0015 V
0.5597,0.0017 V
0.5597,0.0019 V
0.5597,0.0019 V
0.5606,0.0017 V
0.5597,0.0017 V
0.5593,0.0015 V
0.5599,0.0017 V
0.5597,0.0017 V
0.5593,0.0015 V
0.5597,0.0015 V
0.5599,0.0015 V
0.5604,0.0017 V
0.5597,0.0013 V
0.5597,0.0011 V
0.5595,0.0015 V
0.5597,0.0013 V
0.5597,0.0013 V
0.5597,0.0013 V
0.5595,0.0013 V
0.5597,0.0013 V
0.5597,0.0013 V
0.5595,0.0015 V
0.5597,0.0013 V
0.5599,0.0011 V
0.5597,0.0013 V
0.5595,0.0011 V
0.5606,0.0015 V
0.5597,0.0015 V
0.5606,0.0024 V
0.5599,0.0017 V
0.5599,0.0019 V
0.5591,0.0019 V
0.5597,0.0017 V
0.5597,0.0019 V
0.5597,0.0021 V
0.5597,0.0022 V
0.5595,0.0024 V
0.5597,0.0032 V
0.5599,0.0032 V
0.5597,0.0032 V
0.5599,0.0026 V
0.5597,0.0030 V
0.5597,0.0013 V
0.5599,0.0015 V
0.5597,0.0017 V
0.5595,0.0017 V
0.5599,0.0021 V
0.5597,0.0026 V
0.5597,0.0026 V
0.5597,0.0028 V
0.5599,0.0028 V
0.5599,0.0026 V
0.5597,0.0021 V
0.5597,0.0026 V
0.5597,0.0017 V
0.5597,0.0036 V
0.5595,0.0028 V
0.5597,0.0030 V
0.5597,0.0030 V
0.5599,0.0030 V
0.5597,0.0024 V
0.5595,0.0028 V
0.5597,0.0021 V
0.5593,0.0021 V
0.5597,0.0022 V
0.5599,0.0024 V
0.5597,0.0019 V
0.5586,0.0017 V
0.5597,0.0019 V
0.5595,0.0019 V
0.5593,0.0022 V
0.5597,0.0019 V
0.5597,0.0022 V
0.5597,0.0030 V
0.5593,0.0028 V
0.5597,0.0021 V
0.5599,0.0021 V
0.5597,0.0022 V
0.5597,0.0022 V
0.5597,0.0022 V
0.5599,0.0024 V
0.5601,0.0028 V
0.5597,0.0024 V
0.5595,0.0028 V
0.5599,0.0028 V
0.5597,0.0022 V
0.5595,0.0022 V
0.5599,0.0026 V
0.5599,0.0038 V
0.5589,0.0030 V
0.5597,0.0026 V
0.5601,0.0024 V
0.5604,0.0026 V
0.5597,0.0032 V
0.5599,0.0028 V
0.5597,0.0022 V
0.5599,0.0019 V
0.5599,0.0015 V
0.5597,0.0015 V
0.5597,0.0006 V
0.5597,0.0006 V
0.5597,0.0007 V
0.5597,0.0009 V
0.5599,0.0009 V
0.5593,0.0006 V
0.5597,0.0002 V
0.5599,0.0011 V
0.5597,0.0019 V
0.5599,0.0015 V
0.5595,0.0015 V
0.5601,0.0009 V
0.5599,0.0009 V
0.5597,0.0015 V
0.5599,0.0011 V
0.5599,0.0009 V
0.5597,0.0011 V
0.5597,0.0028 V
0.5593,0.0026 V
0.5597,0.0021 V
0.5595,0.0009 V
0.5597,0.0004 V
0.5601,0.0009 V
0.5597,0.0015 V
0.5595,0.0017 V
0.5597,0.0017 V
0.5599,0.0022 V
0.5597,0.0021 V
0.5597,0.0021 V
0.5597,0.0015 V
0.5601,0.0022 V
0.5595,0.0021 V
0.5593,0.0021 V
0.5599,0.0021 V
0.5597,0.0015 V
0.5597,0.0022 V
0.5595,0.0019 V
0.5597,0.0017 V
0.5595,0.0021 V
0.5597,0.0019 V
0.5597,0.0009 V
0.5597,0.0009 V
0.5595,0.0007 V
0.5597,0.0007 V
0.5599,0.0009 V
0.5597,0.0007 V
0.5599,0.0007 V
0.5597,0.0007 V
0.5593,0.0007 V
0.5597,0.0002 V
0.5589,0.0004 V
0.5597,0.0006 V
0.5599,0.0004 V
0.5597,0.0004 V